#
# There is insufficient memory for the Java Runtime Environment to continue.
# Native memory allocation (malloc) failed to allocate 1048576 bytes for AllocateHeap
# Possible reasons:
#   The system is out of physical RAM or swap space
#   The process is running with CompressedOops enabled, and the Java Heap may be blocking the growth of the native heap
# Possible solutions:
#   Reduce memory load on the system
#   Increase physical memory or swap space
#   Check if swap backing store is full
#   Decrease Java heap size (-Xmx/-Xms)
#   Decrease number of Java threads
#   Decrease Java thread stack sizes (-Xss)
#   Set larger code cache with -XX:ReservedCodeCacheSize=
#   JVM is running with Zero Based Compressed Oops mode in which the Java heap is
#     placed in the first 32GB address space. The Java Heap base address is the
#     maximum limit for the native heap growth. Please use -XX:HeapBaseMinAddress
#     to set the Java Heap base and to place the Java Heap above 32GB virtual address.
# This output file may be truncated or incomplete.
#
#  Out of Memory Error (memory/allocation.inline.hpp:61), pid=10872, tid=0x0000000000004fc0
#
# JRE version:  (8.0_281-b09) (build )
# Java VM: Java HotSpot(TM) 64-Bit Server VM (25.281-b09 mixed mode windows-amd64 compressed oops)
# Failed to write core dump. Minidumps are not enabled by default on client versions of Windows
#

---------------  T H R E A D  ---------------

Current thread (0x000002702b6e0800):  JavaThread "Unknown thread" [_thread_in_vm, id=20416, stack(0x000000e203400000,0x000000e203500000)]

Stack: [0x000000e203400000,0x000000e203500000]
Native frames: (J=compiled Java code, j=interpreted, Vv=VM code, C=native code)
V  [jvm.dll+0x32e5b9]
V  [jvm.dll+0x275012]
V  [jvm.dll+0x275cbd]
V  [jvm.dll+0x26c6f5]
V  [jvm.dll+0x509d]
V  [jvm.dll+0x3d2b23]
V  [jvm.dll+0x3d3538]
V  [jvm.dll+0xfcaaf]
V  [jvm.dll+0x209a1b]
V  [jvm.dll+0x2383d7]
V  [jvm.dll+0x162566]
C  [java.exe+0x2312]
C  [java.exe+0x15f54]
C  [KERNEL32.DLL+0x154e0]
C  [ntdll.dll+0x485b]


---------------  P R O C E S S  ---------------

Java Threads: ( => current thread )

Other Threads:

=>0x000002702b6e0800 (exited) JavaThread "Unknown thread" [_thread_in_vm, id=20416, stack(0x000000e203400000,0x000000e203500000)]

VM state:not at safepoint (normal execution)

VM Mutex/Monitor currently owned by a thread: None

heap address: 0x00000006c2400000, size: 4060 MB, Compressed Oops mode: Zero based, Oop shift amount: 3
Narrow klass base: 0x0000000000000000, Narrow klass shift: 3
Compressed class space size: 1073741824 Address: 0x00000007c0000000

Heap:
 PSYoungGen      total 75776K, used 1300K [0x000000076b700000, 0x0000000770b80000, 0x00000007c0000000)
  eden space 65024K, 2% used [0x000000076b700000,0x000000076b8451f8,0x000000076f680000)
  from space 10752K, 0% used [0x0000000770100000,0x0000000770100000,0x0000000770b80000)
  to   space 10752K, 0% used [0x000000076f680000,0x000000076f680000,0x0000000770100000)
 ParOldGen       total 173568K, used 0K [0x00000006c2400000, 0x00000006ccd80000, 0x000000076b700000)
  object space 173568K, 0% used [0x00000006c2400000,0x00000006c2400000,0x00000006ccd80000)
 Metaspace       used 777K, capacity 4480K, committed 4480K, reserved 1056768K
  class space    used 76K, capacity 384K, committed 384K, reserved 1048576K

Card table byte_map: [0x000002703c370000,0x000002703cb60000] byte_map_base: 0x0000027038d5e000

Marking Bits: (ParMarkBitMap*) 0x000000005c706ff0
 Begin Bits: [0x000002703d0b0000, 0x0000027041020000)
 End Bits:   [0x0000027041020000, 0x0000027044f90000)

Polling page: 0x000002702b780000

CodeCache: size=245760Kb used=328Kb max_used=328Kb free=245431Kb
 bounds [0x000002702cfb0000, 0x000002702d220000, 0x000002703bfb0000]
 total_blobs=58 nmethods=0 adapters=38
 compilation: enabled

Compilation events (0 events):
No events

GC Heap History (0 events):
No events

Deoptimization events (0 events):
No events

Classes redefined (0 events):
No events

Internal exceptions (0 events):
No events

Events (10 events):
Event: 0.027 loading class java/lang/Short
Event: 0.028 loading class java/lang/Short done
Event: 0.028 loading class java/lang/Integer
Event: 0.028 loading class java/lang/Integer done
Event: 0.028 loading class java/lang/Long
Event: 0.028 loading class java/lang/Long done
Event: 0.028 loading class java/lang/NullPointerException
Event: 0.028 loading class java/lang/NullPointerException done
Event: 0.028 loading class java/lang/ArithmeticException
Event: 0.028 loading class java/lang/ArithmeticException done


Dynamic libraries:
0x00007ff67bf60000 - 0x00007ff67bfa7000 	C:\Program Files\Java\jdk1.8.0_281\bin\java.exe
0x00007ffa85ae0000 - 0x00007ffa85ce9000 	C:\WINDOWS\SYSTEM32\ntdll.dll
0x00007ffa83aa0000 - 0x00007ffa83b5d000 	C:\WINDOWS\System32\KERNEL32.DLL
0x00007ffa83440000 - 0x00007ffa837b4000 	C:\WINDOWS\System32\KERNELBASE.dll
0x00007ffa84aa0000 - 0x00007ffa84b4e000 	C:\WINDOWS\System32\ADVAPI32.dll
0x00007ffa84170000 - 0x00007ffa84213000 	C:\WINDOWS\System32\msvcrt.dll
0x00007ffa859e0000 - 0x00007ffa85a7e000 	C:\WINDOWS\System32\sechost.dll
0x00007ffa858a0000 - 0x00007ffa859c0000 	C:\WINDOWS\System32\RPCRT4.dll
0x00007ffa84e70000 - 0x00007ffa8501c000 	C:\WINDOWS\System32\USER32.dll
0x00007ffa83200000 - 0x00007ffa83226000 	C:\WINDOWS\System32\win32u.dll
0x00007ffa84580000 - 0x00007ffa845a9000 	C:\WINDOWS\System32\GDI32.dll
0x00007ffa83860000 - 0x00007ffa83972000 	C:\WINDOWS\System32\gdi32full.dll
0x00007ffa837c0000 - 0x00007ffa8385d000 	C:\WINDOWS\System32\msvcp_win.dll
0x00007ffa83230000 - 0x00007ffa83341000 	C:\WINDOWS\System32\ucrtbase.dll
0x00007ffa6cd30000 - 0x00007ffa6cfd5000 	C:\WINDOWS\WinSxS\amd64_microsoft.windows.common-controls_6595b64144ccf1df_6.0.22000.120_none_9d947278b86cc467\COMCTL32.dll
0x00007ffa84220000 - 0x00007ffa84251000 	C:\WINDOWS\System32\IMM32.DLL
0x00007ffa707c0000 - 0x00007ffa707d5000 	C:\Program Files\Java\jdk1.8.0_281\jre\bin\vcruntime140.dll
0x00007ffa54c80000 - 0x00007ffa54d1b000 	C:\Program Files\Java\jdk1.8.0_281\jre\bin\msvcp140.dll
0x000000005bf20000 - 0x000000005c77f000 	C:\Program Files\Java\jdk1.8.0_281\jre\bin\server\jvm.dll
0x00007ffa84a80000 - 0x00007ffa84a88000 	C:\WINDOWS\System32\PSAPI.DLL
0x00007ffa7cb90000 - 0x00007ffa7cb9a000 	C:\WINDOWS\SYSTEM32\VERSION.dll
0x00007ffa7d190000 - 0x00007ffa7d1c3000 	C:\WINDOWS\SYSTEM32\WINMM.dll
0x00007ffa7eba0000 - 0x00007ffa7eba9000 	C:\WINDOWS\SYSTEM32\WSOCK32.dll
0x00007ffa85830000 - 0x00007ffa8589f000 	C:\WINDOWS\System32\WS2_32.dll
0x00007ffa821c0000 - 0x00007ffa821d8000 	C:\WINDOWS\SYSTEM32\kernel.appcore.dll
0x00007ffa7f5e0000 - 0x00007ffa7f5f0000 	C:\Program Files\Java\jdk1.8.0_281\jre\bin\verify.dll
0x00007ffa70790000 - 0x00007ffa707bb000 	C:\Program Files\Java\jdk1.8.0_281\jre\bin\java.dll
0x00007ffa70500000 - 0x00007ffa70530000 	C:\Program Files\Java\jdk1.8.0_281\jre\bin\instrument.dll
0x00007ffa70560000 - 0x00007ffa70578000 	C:\Program Files\Java\jdk1.8.0_281\jre\bin\zip.dll
0x00007ffa80cb0000 - 0x00007ffa80ed1000 	C:\WINDOWS\SYSTEM32\dbghelp.dll
0x00007ffa83350000 - 0x00007ffa833cf000 	C:\WINDOWS\System32\bcryptPrimitives.dll

VM Arguments:
jvm_args: -XX:TieredStopAtLevel=1 -Xverify:none -Dspring.output.ansi.enabled=always -Dcom.sun.management.jmxremote -Dspring.jmx.enabled=true -Dspring.liveBeansView.mbeanDomain -Dspring.application.admin.enabled=true -javaagent:F:\IntelliJ IDEA 2020.2\lib\idea_rt.jar=59228:F:\IntelliJ IDEA 2020.2\bin -Dfile.encoding=UTF-8 
java_command: top.kudaompq.CcblogApiApplication
java_class_path (initial): C:\Program Files\Java\jdk1.8.0_281\jre\lib\charsets.jar;C:\Program Files\Java\jdk1.8.0_281\jre\lib\deploy.jar;C:\Program Files\Java\jdk1.8.0_281\jre\lib\ext\access-bridge-64.jar;C:\Program Files\Java\jdk1.8.0_281\jre\lib\ext\cldrdata.jar;C:\Program Files\Java\jdk1.8.0_281\jre\lib\ext\dnsns.jar;C:\Program Files\Java\jdk1.8.0_281\jre\lib\ext\jaccess.jar;C:\Program Files\Java\jdk1.8.0_281\jre\lib\ext\jfxrt.jar;C:\Program Files\Java\jdk1.8.0_281\jre\lib\ext\localedata.jar;C:\Program Files\Java\jdk1.8.0_281\jre\lib\ext\nashorn.jar;C:\Program Files\Java\jdk1.8.0_281\jre\lib\ext\sunec.jar;C:\Program Files\Java\jdk1.8.0_281\jre\lib\ext\sunjce_provider.jar;C:\Program Files\Java\jdk1.8.0_281\jre\lib\ext\sunmscapi.jar;C:\Program Files\Java\jdk1.8.0_281\jre\lib\ext\sunpkcs11.jar;C:\Program Files\Java\jdk1.8.0_281\jre\lib\ext\zipfs.jar;C:\Program Files\Java\jdk1.8.0_281\jre\lib\javaws.jar;C:\Program Files\Java\jdk1.8.0_281\jre\lib\jce.jar;C:\Program Files\Java\jdk1.8.0_281\jre\lib\jfr.jar;C:\Program Files\Java\jdk1.8.0_281\jre\lib\jfxswt.jar;C:\Program Files\Java\jdk1.8.0_281\jre\lib\jsse.jar;C:\Program Files\Java\jdk1.8.0_281\jre\lib\management-agent.jar;C:\Program Files\Java\jdk1.8.0_281\jre\lib\plugin.jar;C:\Program Files\Java\jdk1.8.0_281\jre\lib\resources.jar;C:\Program Files\Java\jdk1.8.0_281\jre\lib\rt.jar;E:\workspace\project\CCBlog-main\ccblog-api\target\classes;E:\maven\apache-maven-3.6.3\maven-repository\org\springframework\boot\spring-boot-starter-web\2.5.5\spring-boot-starter-web-2.5.5.jar;E:\maven\apache-maven-3.6.3\maven-repository\org\springframework\boot\spring-boot-starter\2.5.5\spring-boot-starter-2.5.5.jar;E:\maven\apache-maven-3.6.3\maven-repository\jakarta\annotation\jakarta.annotation-api\1.3.5\jakarta.annotation-api-1.3.5.jar;E:\maven\apache-maven-3.6.3\maven-repository\org\yaml\snakeyaml\1.28\snakeyaml-1.28.jar;E:\maven\apache-maven-3.6.3\maven-repository\org\springframework\boot\spring-boot-starter-json\2.5.5\spring-boot-sta
Launcher Type: SUN_STANDARD

Environment Variables:
JAVA_HOME=C:\Program Files\Java\jdk1.8.0_281
CLASSPATH=.;C:\Program Files\Java\jdk1.8.0_281\lib;C:\Program Files\Java\jdk1.8.0_281\lib\tools.jar
PATH=C:\Program Files (x86)\Common Files\Oracle\Java\javapath;E:\anaconda;E:\anaconda\Library\mingw-w64\bin;E:\anaconda\Library\usr\bin;E:\anaconda\Library\bin;E:\anaconda\Scripts;C:\Program Files (x86)\Common Files\Intel\Shared Libraries\redist\intel64\compiler;C:\Windows\system32;C:\Windows;C:\Windows\System32\Wbem;C:\Windows\System32\WindowsPowerShell\v1.0\;C:\Windows\System32\OpenSSH\;C:\Program Files (x86)\NVIDIA Corporation\PhysX\Common;C:\Program Files\NVIDIA Corporation\NVIDIA NvDLISR;C:\Program Files\MySQL\MySQL Server 8.0\bin;C:\Program Files\Java\jdk1.8.0_281\bin;E:\New Folder\;E:\Git\cmd;E:\xftp\;E:\maven\apache-maven-3.6.3\bin;E:\mingw64\bin;C:\WINDOWS\system32;C:\WINDOWS;C:\WINDOWS\System32\Wbem;C:\WINDOWS\System32\WindowsPowerShell\v1.0\;C:\WINDOWS\System32\OpenSSH\;E:\mongodb\bin;E:\Xshell\;E:\Go\bin;E:\VSCode\bin;E:\blog\hexo\node_modules\.bin;E:\environment\hadoop-3.1.0\bin;C:\Users\Kudaompq\AppData\Roaming\npm;C:\Program Files\MySQL\MySQL Shell 8.0\bin\;C:\Users\Kudaompq\AppData\Local\Microsoft\WindowsApps;F:\Bandizip\;C:\Program Files\MySQL\MySQL Server 8.0\bin;C:\Users\酷到没脾气\AppData\Roaming\npm;E:\GoLand 2021.1.2\bin;;C:\Users\Kudaompq\go\bin;;E:\work_utils\CLion 2021.3\bin;
USERNAME=Kudaompq
OS=Windows_NT
PROCESSOR_IDENTIFIER=Intel64 Family 6 Model 158 Stepping 10, GenuineIntel



---------------  S Y S T E M  ---------------

OS: Windows 10.0 , 64 bit Build 22000 (10.0.22000.434)

CPU:total 8 (initial active 8) (4 cores per cpu, 2 threads per core) family 6 model 158 stepping 10, cmov, cx8, fxsr, mmx, sse, sse2, sse3, ssse3, sse4.1, sse4.2, popcnt, avx, avx2, aes, clmul, erms, 3dnowpref, lzcnt, ht, tsc, tscinvbit, bmi1, bmi2, adx

Memory: 4k page, physical 16625620k(3913528k free), swap 33088752k(5128k free)

vm_info: Java HotSpot(TM) 64-Bit Server VM (25.281-b09) for windows-amd64 JRE (1.8.0_281-b09), built on Dec  9 2020 13:54:07 by "" with MS VC++ 15.9 (VS2017)

time: Wed Feb 16 14:30:48 2022
timezone: 中国标准时间
elapsed time: 0.052242 seconds (0d 0h 0m 0s)

